{"/home/david/bpmux/index.js":{"path":"/home/david/bpmux/index.js","s":{"1":1,"2":1,"3":8536,"4":8536,"5":8536,"6":8536,"7":8536,"8":8536,"9":8536,"10":8536,"11":8536,"12":8536,"13":8536,"14":8536,"15":8536,"16":8536,"17":8536,"18":8536,"19":8536,"20":8536,"21":3066,"22":3066,"23":3066,"24":8536,"25":2216,"26":2216,"27":8536,"28":1,"29":1,"30":6392,"31":2214,"32":1,"33":20,"34":1,"35":7565,"36":1,"37":456665,"38":1,"39":751659,"40":751659,"41":751019,"42":751659,"43":1,"44":294750,"45":261,"46":294489,"47":294489,"48":294489,"49":1,"50":1049,"51":1049,"52":1049,"53":1049,"54":1049,"55":1049,"56":1049,"57":1049,"58":1049,"59":1049,"60":1049,"61":1049,"62":1049,"63":1049,"64":1049,"65":1049,"66":1049,"67":1049,"68":1049,"69":512,"70":674076,"71":674076,"72":1348152,"73":1049,"74":1049,"75":1049,"76":1049,"77":1049,"78":1024,"79":1024,"80":1960,"81":1049,"82":1024,"83":1024,"84":1956,"85":1,"86":64,"87":64,"88":64,"89":48,"90":64,"91":1049,"92":1049,"93":1049,"94":1049,"95":214,"96":1049,"97":1361149,"98":1361149,"99":2721274,"100":2721274,"101":2721274,"102":1361149,"103":1360125,"104":454498,"105":450570,"106":454498,"107":454490,"108":16,"109":454474,"110":905627,"111":905627,"112":905627,"113":905552,"114":905552,"115":905552,"116":1,"117":1,"118":1358656,"119":272,"120":272,"121":1358384,"122":1,"123":905552,"124":16,"125":905536,"126":1,"127":1023,"128":1023,"129":1022,"130":1,"131":450751,"132":450751,"133":450751,"134":450751,"135":450751,"136":8,"137":450751,"138":905536,"139":1184,"140":1184,"141":905536,"142":901623,"143":1043,"144":1043,"145":1043,"146":1043,"147":449994,"148":128,"149":449866,"150":449866,"151":450570,"152":450570,"153":450570,"154":16,"155":16,"156":901495,"157":3913,"158":71,"159":71,"160":949,"161":64,"162":885,"163":885,"164":2161,"165":64,"166":2097,"167":1336,"168":1336,"169":2097,"170":2097,"171":2097,"172":2097,"173":2097,"174":2097,"175":959,"176":1138,"177":2097,"178":67,"179":67,"180":67,"181":67,"182":2097,"183":2097,"184":716,"185":16,"186":16,"187":1,"188":2214,"189":2214,"190":1,"191":3066,"192":1952,"193":1114,"194":1114,"195":1114,"196":1114,"197":1,"198":8524,"199":4,"200":8520,"201":1189,"202":7331,"203":7331,"204":6448,"205":7331,"206":7331,"207":7331,"208":7331,"209":7331,"210":6448,"211":6448,"212":7331,"213":7331,"214":6448,"215":6448,"216":7331,"217":1,"218":751019,"219":11733,"220":739286,"221":739286,"222":288694,"223":450592,"224":450592,"225":10,"226":450582,"227":1464,"228":449118,"229":450592,"230":450592,"231":450592,"232":450592,"233":450592,"234":450592,"235":450592,"236":1,"237":756071,"238":756071,"239":216,"240":1,"241":23361339,"242":23361339,"243":22910761,"244":450578,"245":1,"246":224,"247":1,"248":450578,"249":450578,"250":450578,"251":450578,"252":450578,"253":450578,"254":450578,"255":450578,"256":450578,"257":450578,"258":294489,"259":294489,"260":294489,"261":294489,"262":294489,"263":450578,"264":450578,"265":755855,"266":1206273,"267":1206273,"268":1206273,"269":284,"270":1205989,"271":1205989,"272":1205989,"273":755571,"274":450418,"275":450418,"276":223886,"277":450418,"278":450418,"279":223886,"280":1,"281":756071,"282":756071,"283":1,"284":756070,"285":756070,"286":756071,"287":756071,"288":756070,"289":1,"290":7354,"291":7354,"292":1,"293":7352,"294":7352,"295":5337,"296":5337,"297":7352,"298":7354,"299":16,"300":7338,"301":7338,"302":7347,"303":7347,"304":7336,"305":7336,"306":11,"307":2,"308":1},"b":{"1":[8536,168],"2":[8536,8520],"3":[2214,4178],"4":[6392,5570,2913],"5":[7565,5667],"6":[751019,640],"7":[261,294489],"8":[1049,24],"9":[1,1048],"10":[512,537],"11":[48,16],"12":[1361149,1360125],"13":[454498,905627],"14":[450570,3928],"15":[454490,8],"16":[16,454474],"17":[454490,454474],"18":[905552,75],"19":[272,1358384],"20":[16,905536],"21":[449876,875],"22":[72,450679],"23":[8,450743],"24":[1184,904352],"25":[905536,904072],"26":[901623,3913],"27":[905536,904980],"28":[1043,449246,449994,450570,16],"29":[128,449866],"30":[71,949,2161,716,16],"31":[64,885],"32":[64,2097],"33":[1336,761],"34":[8,1328],"35":[2048,49],"36":[1052,1045],"37":[959,1138],"38":[67,2030],"39":[1952,1114],"40":[4,8520],"41":[1189,7331],"42":[6448,883],"43":[6448,883],"44":[6448,883],"45":[6448,883],"46":[11733,739286],"47":[751019,747995,745340],"48":[288694,450592],"49":[739286,737491,453643],"50":[10,450582],"51":[1464,449118],"52":[216,755855],"53":[22910761,450578],"54":[23361339,2129479,457816],"55":[294489,156089],"56":[284,1205989],"57":[755571,450418],"58":[223886,226532],"59":[223886,226532],"60":[1,756070],"61":[7354,4375],"62":[5337,2015],"63":[16,7338],"64":[7336,11]},"f":{"1":8536,"2":3066,"3":2216,"4":6392,"5":20,"6":7565,"7":456665,"8":751659,"9":294750,"10":1049,"11":674076,"12":1024,"13":1960,"14":1024,"15":1956,"16":64,"17":64,"18":214,"19":1361149,"20":1358656,"21":905552,"22":1023,"23":1022,"24":450751,"25":2214,"26":3066,"27":8524,"28":751019,"29":756071,"30":23361339,"31":224,"32":450578,"33":756071,"34":7354,"35":7352,"36":5337},"fnMap":{"1":{"name":"BPDuplex","line":256,"loc":{"start":{"line":256,"column":0},"end":{"line":257,"column":0}}},"2":{"name":"(anonymous_2)","line":278,"loc":{"start":{"line":278,"column":22},"end":{"line":279,"column":4}}},"3":{"name":"(anonymous_3)","line":285,"loc":{"start":{"line":285,"column":19},"end":{"line":286,"column":4}}},"4":{"name":"(anonymous_4)","line":296,"loc":{"start":{"line":296,"column":35},"end":{"line":297,"column":0}}},"5":{"name":"(anonymous_5)","line":304,"loc":{"start":{"line":304,"column":33},"end":{"line":305,"column":0}}},"6":{"name":"(anonymous_6)","line":309,"loc":{"start":{"line":309,"column":37},"end":{"line":310,"column":0}}},"7":{"name":"(anonymous_7)","line":314,"loc":{"start":{"line":314,"column":27},"end":{"line":314,"column":39}}},"8":{"name":"(anonymous_8)","line":316,"loc":{"start":{"line":316,"column":26},"end":{"line":317,"column":0}}},"9":{"name":"(anonymous_9)","line":328,"loc":{"start":{"line":328,"column":28},"end":{"line":329,"column":0}}},"10":{"name":"BPMux","line":362,"loc":{"start":{"line":362,"column":0},"end":{"line":363,"column":0}}},"11":{"name":"(anonymous_11)","line":388,"loc":{"start":{"line":388,"column":42},"end":{"line":389,"column":8}}},"12":{"name":"(anonymous_12)","line":409,"loc":{"start":{"line":409,"column":28},"end":{"line":410,"column":4}}},"13":{"name":"(anonymous_13)","line":413,"loc":{"start":{"line":413,"column":43},"end":{"line":414,"column":8}}},"14":{"name":"(anonymous_14)","line":419,"loc":{"start":{"line":419,"column":30},"end":{"line":420,"column":4}}},"15":{"name":"(anonymous_15)","line":423,"loc":{"start":{"line":423,"column":43},"end":{"line":424,"column":8}}},"16":{"name":"error","line":429,"loc":{"start":{"line":429,"column":4},"end":{"line":430,"column":4}}},"17":{"name":"(anonymous_17)","line":431,"loc":{"start":{"line":431,"column":43},"end":{"line":432,"column":8}}},"18":{"name":"(anonymous_18)","line":448,"loc":{"start":{"line":448,"column":33},"end":{"line":449,"column":4}}},"19":{"name":"(anonymous_19)","line":453,"loc":{"start":{"line":453,"column":35},"end":{"line":454,"column":4}}},"20":{"name":"(anonymous_20)","line":506,"loc":{"start":{"line":506,"column":32},"end":{"line":507,"column":0}}},"21":{"name":"(anonymous_21)","line":517,"loc":{"start":{"line":517,"column":34},"end":{"line":518,"column":0}}},"22":{"name":"delay_handshake","line":531,"loc":{"start":{"line":531,"column":4},"end":{"line":532,"column":4}}},"23":{"name":"(anonymous_23)","line":534,"loc":{"start":{"line":534,"column":15},"end":{"line":535,"column":8}}},"24":{"name":"handle_status","line":540,"loc":{"start":{"line":540,"column":4},"end":{"line":541,"column":4}}},"25":{"name":"(anonymous_25)","line":647,"loc":{"start":{"line":647,"column":26},"end":{"line":648,"column":0}}},"26":{"name":"(anonymous_26)","line":653,"loc":{"start":{"line":653,"column":28},"end":{"line":654,"column":0}}},"27":{"name":"(anonymous_27)","line":665,"loc":{"start":{"line":665,"column":34},"end":{"line":666,"column":0}}},"28":{"name":"(anonymous_28)","line":700,"loc":{"start":{"line":700,"column":31},"end":{"line":701,"column":0}}},"29":{"name":"(anonymous_29)","line":758,"loc":{"start":{"line":758,"column":25},"end":{"line":759,"column":0}}},"30":{"name":"push_output","line":767,"loc":{"start":{"line":767,"column":4},"end":{"line":768,"column":4}}},"31":{"name":"sort_output","line":785,"loc":{"start":{"line":785,"column":4},"end":{"line":786,"column":4}}},"32":{"name":"write_output","line":790,"loc":{"start":{"line":790,"column":4},"end":{"line":791,"column":4}}},"33":{"name":"(anonymous_33)","line":857,"loc":{"start":{"line":857,"column":24},"end":{"line":858,"column":0}}},"34":{"name":"(anonymous_34)","line":894,"loc":{"start":{"line":894,"column":28},"end":{"line":895,"column":0}}},"35":{"name":"done","line":900,"loc":{"start":{"line":900,"column":4},"end":{"line":901,"column":4}}},"36":{"name":"(anonymous_36)","line":906,"loc":{"start":{"line":906,"column":25},"end":{"line":907,"column":12}}}},"statementMap":{"1":{"start":{"line":244,"column":0},"end":{"line":254,"column":27}},"2":{"start":{"line":256,"column":0},"end":{"line":292,"column":1}},"3":{"start":{"line":258,"column":4},"end":{"line":258,"column":31}},"4":{"start":{"line":260,"column":4},"end":{"line":260,"column":28}},"5":{"start":{"line":262,"column":4},"end":{"line":262,"column":20}},"6":{"start":{"line":263,"column":4},"end":{"line":263,"column":22}},"7":{"start":{"line":264,"column":4},"end":{"line":264,"column":55}},"8":{"start":{"line":265,"column":4},"end":{"line":265,"column":70}},"9":{"start":{"line":266,"column":4},"end":{"line":266,"column":18}},"10":{"start":{"line":267,"column":4},"end":{"line":267,"column":26}},"11":{"start":{"line":268,"column":4},"end":{"line":268,"column":22}},"12":{"start":{"line":269,"column":4},"end":{"line":269,"column":20}},"13":{"start":{"line":270,"column":4},"end":{"line":270,"column":20}},"14":{"start":{"line":271,"column":4},"end":{"line":271,"column":27}},"15":{"start":{"line":272,"column":4},"end":{"line":272,"column":24}},"16":{"start":{"line":273,"column":4},"end":{"line":273,"column":26}},"17":{"start":{"line":274,"column":4},"end":{"line":274,"column":33}},"18":{"start":{"line":275,"column":4},"end":{"line":275,"column":37}},"19":{"start":{"line":276,"column":4},"end":{"line":276,"column":30}},"20":{"start":{"line":278,"column":4},"end":{"line":283,"column":7}},"21":{"start":{"line":280,"column":8},"end":{"line":280,"column":30}},"22":{"start":{"line":281,"column":8},"end":{"line":281,"column":34}},"23":{"start":{"line":282,"column":8},"end":{"line":282,"column":29}},"24":{"start":{"line":285,"column":4},"end":{"line":289,"column":7}},"25":{"start":{"line":287,"column":8},"end":{"line":287,"column":27}},"26":{"start":{"line":288,"column":8},"end":{"line":288,"column":29}},"27":{"start":{"line":291,"column":4},"end":{"line":291,"column":31}},"28":{"start":{"line":294,"column":0},"end":{"line":294,"column":32}},"29":{"start":{"line":296,"column":0},"end":{"line":302,"column":2}},"30":{"start":{"line":298,"column":4},"end":{"line":301,"column":5}},"31":{"start":{"line":300,"column":8},"end":{"line":300,"column":32}},"32":{"start":{"line":304,"column":0},"end":{"line":307,"column":2}},"33":{"start":{"line":306,"column":4},"end":{"line":306,"column":22}},"34":{"start":{"line":309,"column":0},"end":{"line":312,"column":2}},"35":{"start":{"line":311,"column":4},"end":{"line":311,"column":69}},"36":{"start":{"line":314,"column":0},"end":{"line":314,"column":61}},"37":{"start":{"line":314,"column":41},"end":{"line":314,"column":58}},"38":{"start":{"line":316,"column":0},"end":{"line":326,"column":2}},"39":{"start":{"line":318,"column":4},"end":{"line":318,"column":51}},"40":{"start":{"line":320,"column":4},"end":{"line":323,"column":5}},"41":{"start":{"line":322,"column":8},"end":{"line":322,"column":37}},"42":{"start":{"line":325,"column":4},"end":{"line":325,"column":13}},"43":{"start":{"line":328,"column":0},"end":{"line":338,"column":2}},"44":{"start":{"line":330,"column":4},"end":{"line":333,"column":5}},"45":{"start":{"line":332,"column":8},"end":{"line":332,"column":20}},"46":{"start":{"line":335,"column":4},"end":{"line":335,"column":22}},"47":{"start":{"line":336,"column":4},"end":{"line":336,"column":18}},"48":{"start":{"line":337,"column":4},"end":{"line":337,"column":22}},"49":{"start":{"line":362,"column":0},"end":{"line":502,"column":1}},"50":{"start":{"line":364,"column":4},"end":{"line":364,"column":37}},"51":{"start":{"line":366,"column":4},"end":{"line":366,"column":28}},"52":{"start":{"line":368,"column":4},"end":{"line":368,"column":41}},"53":{"start":{"line":369,"column":4},"end":{"line":369,"column":24}},"54":{"start":{"line":370,"column":4},"end":{"line":370,"column":19}},"55":{"start":{"line":371,"column":4},"end":{"line":371,"column":71}},"56":{"start":{"line":372,"column":4},"end":{"line":372,"column":27}},"57":{"start":{"line":373,"column":4},"end":{"line":373,"column":24}},"58":{"start":{"line":374,"column":4},"end":{"line":374,"column":30}},"59":{"start":{"line":375,"column":4},"end":{"line":375,"column":32}},"60":{"start":{"line":376,"column":4},"end":{"line":376,"column":32}},"61":{"start":{"line":377,"column":4},"end":{"line":377,"column":66}},"62":{"start":{"line":378,"column":4},"end":{"line":378,"column":62}},"63":{"start":{"line":379,"column":4},"end":{"line":379,"column":52}},"64":{"start":{"line":380,"column":4},"end":{"line":380,"column":28}},"65":{"start":{"line":381,"column":4},"end":{"line":381,"column":26}},"66":{"start":{"line":382,"column":4},"end":{"line":382,"column":33}},"67":{"start":{"line":384,"column":4},"end":{"line":384,"column":45}},"68":{"start":{"line":386,"column":4},"end":{"line":396,"column":5}},"69":{"start":{"line":388,"column":8},"end":{"line":395,"column":10}},"70":{"start":{"line":390,"column":12},"end":{"line":390,"column":18}},"71":{"start":{"line":391,"column":12},"end":{"line":394,"column":13}},"72":{"start":{"line":393,"column":16},"end":{"line":393,"column":35}},"73":{"start":{"line":398,"column":4},"end":{"line":398,"column":35}},"74":{"start":{"line":400,"column":4},"end":{"line":404,"column":12}},"75":{"start":{"line":405,"column":4},"end":{"line":405,"column":34}},"76":{"start":{"line":407,"column":4},"end":{"line":407,"column":19}},"77":{"start":{"line":409,"column":4},"end":{"line":417,"column":7}},"78":{"start":{"line":411,"column":8},"end":{"line":411,"column":29}},"79":{"start":{"line":413,"column":8},"end":{"line":416,"column":11}},"80":{"start":{"line":415,"column":12},"end":{"line":415,"column":38}},"81":{"start":{"line":419,"column":4},"end":{"line":427,"column":7}},"82":{"start":{"line":421,"column":8},"end":{"line":421,"column":26}},"83":{"start":{"line":423,"column":8},"end":{"line":426,"column":11}},"84":{"start":{"line":425,"column":12},"end":{"line":425,"column":43}},"85":{"start":{"line":429,"column":4},"end":{"line":442,"column":5}},"86":{"start":{"line":431,"column":8},"end":{"line":439,"column":11}},"87":{"start":{"line":433,"column":12},"end":{"line":433,"column":45}},"88":{"start":{"line":435,"column":12},"end":{"line":438,"column":13}},"89":{"start":{"line":437,"column":16},"end":{"line":437,"column":42}},"90":{"start":{"line":441,"column":8},"end":{"line":441,"column":31}},"91":{"start":{"line":444,"column":4},"end":{"line":444,"column":31}},"92":{"start":{"line":445,"column":4},"end":{"line":445,"column":39}},"93":{"start":{"line":446,"column":4},"end":{"line":446,"column":40}},"94":{"start":{"line":448,"column":4},"end":{"line":451,"column":7}},"95":{"start":{"line":450,"column":8},"end":{"line":450,"column":20}},"96":{"start":{"line":453,"column":4},"end":{"line":501,"column":7}},"97":{"start":{"line":455,"column":8},"end":{"line":455,"column":25}},"98":{"start":{"line":457,"column":8},"end":{"line":500,"column":9}},"99":{"start":{"line":459,"column":12},"end":{"line":459,"column":31}},"100":{"start":{"line":460,"column":12},"end":{"line":460,"column":41}},"101":{"start":{"line":462,"column":12},"end":{"line":465,"column":13}},"102":{"start":{"line":464,"column":16},"end":{"line":464,"column":22}},"103":{"start":{"line":467,"column":12},"end":{"line":499,"column":13}},"104":{"start":{"line":469,"column":16},"end":{"line":472,"column":17}},"105":{"start":{"line":471,"column":20},"end":{"line":471,"column":47}},"106":{"start":{"line":474,"column":16},"end":{"line":486,"column":17}},"107":{"start":{"line":476,"column":20},"end":{"line":485,"column":21}},"108":{"start":{"line":480,"column":24},"end":{"line":480,"column":73}},"109":{"start":{"line":484,"column":24},"end":{"line":484,"column":42}},"110":{"start":{"line":490,"column":16},"end":{"line":490,"column":47}},"111":{"start":{"line":491,"column":16},"end":{"line":491,"column":54}},"112":{"start":{"line":493,"column":16},"end":{"line":498,"column":17}},"113":{"start":{"line":495,"column":20},"end":{"line":495,"column":100}},"114":{"start":{"line":496,"column":20},"end":{"line":496,"column":45}},"115":{"start":{"line":497,"column":20},"end":{"line":497,"column":47}},"116":{"start":{"line":504,"column":0},"end":{"line":504,"column":35}},"117":{"start":{"line":506,"column":0},"end":{"line":515,"column":2}},"118":{"start":{"line":508,"column":4},"end":{"line":512,"column":5}},"119":{"start":{"line":510,"column":8},"end":{"line":510,"column":90}},"120":{"start":{"line":511,"column":8},"end":{"line":511,"column":21}},"121":{"start":{"line":514,"column":4},"end":{"line":514,"column":16}},"122":{"start":{"line":517,"column":0},"end":{"line":645,"column":2}},"123":{"start":{"line":519,"column":4},"end":{"line":519,"column":48}},"124":{"start":{"line":519,"column":39},"end":{"line":519,"column":46}},"125":{"start":{"line":521,"column":4},"end":{"line":529,"column":12}},"126":{"start":{"line":531,"column":4},"end":{"line":538,"column":5}},"127":{"start":{"line":533,"column":8},"end":{"line":533,"column":33}},"128":{"start":{"line":534,"column":8},"end":{"line":537,"column":10}},"129":{"start":{"line":536,"column":12},"end":{"line":536,"column":51}},"130":{"start":{"line":540,"column":4},"end":{"line":556,"column":5}},"131":{"start":{"line":542,"column":8},"end":{"line":542,"column":41}},"132":{"start":{"line":543,"column":8},"end":{"line":543,"column":64}},"133":{"start":{"line":545,"column":8},"end":{"line":546,"column":62}},"134":{"start":{"line":548,"column":8},"end":{"line":548,"column":55}},"135":{"start":{"line":550,"column":8},"end":{"line":553,"column":9}},"136":{"start":{"line":552,"column":12},"end":{"line":552,"column":43}},"137":{"start":{"line":555,"column":8},"end":{"line":555,"column":20}},"138":{"start":{"line":558,"column":4},"end":{"line":562,"column":5}},"139":{"start":{"line":560,"column":8},"end":{"line":560,"column":72}},"140":{"start":{"line":561,"column":8},"end":{"line":561,"column":44}},"141":{"start":{"line":564,"column":4},"end":{"line":591,"column":5}},"142":{"start":{"line":566,"column":8},"end":{"line":588,"column":9}},"143":{"start":{"line":569,"column":16},"end":{"line":569,"column":37}},"144":{"start":{"line":570,"column":16},"end":{"line":570,"column":39}},"145":{"start":{"line":571,"column":16},"end":{"line":571,"column":34}},"146":{"start":{"line":572,"column":16},"end":{"line":572,"column":22}},"147":{"start":{"line":576,"column":16},"end":{"line":576,"column":61}},"148":{"start":{"line":576,"column":52},"end":{"line":576,"column":59}},"149":{"start":{"line":577,"column":16},"end":{"line":577,"column":32}},"150":{"start":{"line":578,"column":16},"end":{"line":578,"column":22}},"151":{"start":{"line":581,"column":16},"end":{"line":581,"column":50}},"152":{"start":{"line":582,"column":16},"end":{"line":582,"column":46}},"153":{"start":{"line":583,"column":16},"end":{"line":583,"column":22}},"154":{"start":{"line":586,"column":16},"end":{"line":586,"column":71}},"155":{"start":{"line":587,"column":16},"end":{"line":587,"column":22}},"156":{"start":{"line":590,"column":8},"end":{"line":590,"column":15}},"157":{"start":{"line":593,"column":4},"end":{"line":644,"column":5}},"158":{"start":{"line":596,"column":12},"end":{"line":596,"column":39}},"159":{"start":{"line":597,"column":12},"end":{"line":597,"column":18}},"160":{"start":{"line":600,"column":12},"end":{"line":600,"column":56}},"161":{"start":{"line":600,"column":47},"end":{"line":600,"column":54}},"162":{"start":{"line":601,"column":12},"end":{"line":601,"column":28}},"163":{"start":{"line":602,"column":12},"end":{"line":602,"column":18}},"164":{"start":{"line":605,"column":12},"end":{"line":605,"column":56}},"165":{"start":{"line":605,"column":47},"end":{"line":605,"column":54}},"166":{"start":{"line":606,"column":12},"end":{"line":611,"column":13}},"167":{"start":{"line":608,"column":16},"end":{"line":608,"column":49}},"168":{"start":{"line":609,"column":16},"end":{"line":610,"column":70}},"169":{"start":{"line":612,"column":12},"end":{"line":612,"column":46}},"170":{"start":{"line":613,"column":12},"end":{"line":615,"column":33}},"171":{"start":{"line":616,"column":12},"end":{"line":616,"column":66}},"172":{"start":{"line":617,"column":12},"end":{"line":617,"column":64}},"173":{"start":{"line":618,"column":12},"end":{"line":618,"column":58}},"174":{"start":{"line":619,"column":12},"end":{"line":626,"column":13}},"175":{"start":{"line":621,"column":16},"end":{"line":621,"column":45}},"176":{"start":{"line":625,"column":16},"end":{"line":625,"column":41}},"177":{"start":{"line":627,"column":12},"end":{"line":633,"column":13}},"178":{"start":{"line":629,"column":16},"end":{"line":629,"column":37}},"179":{"start":{"line":630,"column":16},"end":{"line":630,"column":39}},"180":{"start":{"line":631,"column":16},"end":{"line":631,"column":34}},"181":{"start":{"line":632,"column":16},"end":{"line":632,"column":44}},"182":{"start":{"line":634,"column":12},"end":{"line":634,"column":25}},"183":{"start":{"line":635,"column":12},"end":{"line":635,"column":18}},"184":{"start":{"line":639,"column":12},"end":{"line":639,"column":18}},"185":{"start":{"line":642,"column":12},"end":{"line":642,"column":78}},"186":{"start":{"line":643,"column":12},"end":{"line":643,"column":18}},"187":{"start":{"line":647,"column":0},"end":{"line":651,"column":2}},"188":{"start":{"line":649,"column":4},"end":{"line":649,"column":40}},"189":{"start":{"line":650,"column":4},"end":{"line":650,"column":27}},"190":{"start":{"line":653,"column":0},"end":{"line":663,"column":2}},"191":{"start":{"line":655,"column":4},"end":{"line":655,"column":35}},"192":{"start":{"line":655,"column":26},"end":{"line":655,"column":33}},"193":{"start":{"line":657,"column":4},"end":{"line":657,"column":32}},"194":{"start":{"line":659,"column":4},"end":{"line":659,"column":38}},"195":{"start":{"line":660,"column":4},"end":{"line":660,"column":45}},"196":{"start":{"line":662,"column":4},"end":{"line":662,"column":32}},"197":{"start":{"line":665,"column":0},"end":{"line":698,"column":2}},"198":{"start":{"line":667,"column":4},"end":{"line":667,"column":35}},"199":{"start":{"line":667,"column":26},"end":{"line":667,"column":33}},"200":{"start":{"line":668,"column":4},"end":{"line":668,"column":56}},"201":{"start":{"line":668,"column":34},"end":{"line":668,"column":54}},"202":{"start":{"line":670,"column":4},"end":{"line":670,"column":30}},"203":{"start":{"line":672,"column":4},"end":{"line":675,"column":5}},"204":{"start":{"line":674,"column":8},"end":{"line":674,"column":38}},"205":{"start":{"line":677,"column":4},"end":{"line":677,"column":27}},"206":{"start":{"line":679,"column":4},"end":{"line":679,"column":82}},"207":{"start":{"line":680,"column":4},"end":{"line":680,"column":45}},"208":{"start":{"line":681,"column":4},"end":{"line":681,"column":112}},"209":{"start":{"line":683,"column":4},"end":{"line":687,"column":5}},"210":{"start":{"line":685,"column":8},"end":{"line":685,"column":36}},"211":{"start":{"line":686,"column":8},"end":{"line":686,"column":38}},"212":{"start":{"line":689,"column":4},"end":{"line":689,"column":40}},"213":{"start":{"line":691,"column":4},"end":{"line":695,"column":5}},"214":{"start":{"line":693,"column":8},"end":{"line":693,"column":47}},"215":{"start":{"line":694,"column":8},"end":{"line":694,"column":41}},"216":{"start":{"line":697,"column":4},"end":{"line":697,"column":17}},"217":{"start":{"line":700,"column":0},"end":{"line":756,"column":2}},"218":{"start":{"line":711,"column":4},"end":{"line":716,"column":5}},"219":{"start":{"line":715,"column":8},"end":{"line":715,"column":15}},"220":{"start":{"line":718,"column":4},"end":{"line":719,"column":12}},"221":{"start":{"line":721,"column":4},"end":{"line":727,"column":5}},"222":{"start":{"line":726,"column":8},"end":{"line":726,"column":15}},"223":{"start":{"line":729,"column":4},"end":{"line":729,"column":13}},"224":{"start":{"line":731,"column":4},"end":{"line":742,"column":5}},"225":{"start":{"line":733,"column":8},"end":{"line":733,"column":34}},"226":{"start":{"line":735,"column":9},"end":{"line":742,"column":5}},"227":{"start":{"line":737,"column":8},"end":{"line":737,"column":36}},"228":{"start":{"line":741,"column":8},"end":{"line":741,"column":27}},"229":{"start":{"line":744,"column":4},"end":{"line":744,"column":60}},"230":{"start":{"line":745,"column":4},"end":{"line":745,"column":34}},"231":{"start":{"line":746,"column":4},"end":{"line":746,"column":45}},"232":{"start":{"line":747,"column":4},"end":{"line":747,"column":37}},"233":{"start":{"line":748,"column":4},"end":{"line":748,"column":36}},"234":{"start":{"line":750,"column":4},"end":{"line":753,"column":6}},"235":{"start":{"line":755,"column":4},"end":{"line":755,"column":32}},"236":{"start":{"line":758,"column":0},"end":{"line":855,"column":2}},"237":{"start":{"line":760,"column":4},"end":{"line":760,"column":37}},"238":{"start":{"line":762,"column":4},"end":{"line":765,"column":5}},"239":{"start":{"line":764,"column":8},"end":{"line":764,"column":15}},"240":{"start":{"line":767,"column":4},"end":{"line":783,"column":5}},"241":{"start":{"line":769,"column":8},"end":{"line":769,"column":41}},"242":{"start":{"line":771,"column":8},"end":{"line":776,"column":9}},"243":{"start":{"line":775,"column":12},"end":{"line":775,"column":19}},"244":{"start":{"line":778,"column":8},"end":{"line":782,"column":11}},"245":{"start":{"line":785,"column":4},"end":{"line":788,"column":5}},"246":{"start":{"line":787,"column":8},"end":{"line":787,"column":31}},"247":{"start":{"line":790,"column":4},"end":{"line":820,"column":5}},"248":{"start":{"line":792,"column":8},"end":{"line":795,"column":15}},"249":{"start":{"line":797,"column":8},"end":{"line":797,"column":63}},"250":{"start":{"line":799,"column":8},"end":{"line":799,"column":43}},"251":{"start":{"line":800,"column":8},"end":{"line":800,"column":54}},"252":{"start":{"line":801,"column":8},"end":{"line":801,"column":53}},"253":{"start":{"line":803,"column":8},"end":{"line":803,"column":35}},"254":{"start":{"line":804,"column":8},"end":{"line":804,"column":36}},"255":{"start":{"line":806,"column":8},"end":{"line":806,"column":41}},"256":{"start":{"line":807,"column":8},"end":{"line":807,"column":35}},"257":{"start":{"line":809,"column":8},"end":{"line":816,"column":9}},"258":{"start":{"line":811,"column":12},"end":{"line":811,"column":37}},"259":{"start":{"line":812,"column":12},"end":{"line":812,"column":35}},"260":{"start":{"line":813,"column":12},"end":{"line":813,"column":33}},"261":{"start":{"line":814,"column":12},"end":{"line":814,"column":35}},"262":{"start":{"line":815,"column":12},"end":{"line":815,"column":29}},"263":{"start":{"line":818,"column":8},"end":{"line":818,"column":42}},"264":{"start":{"line":819,"column":8},"end":{"line":819,"column":15}},"265":{"start":{"line":822,"column":4},"end":{"line":854,"column":5}},"266":{"start":{"line":824,"column":8},"end":{"line":824,"column":103}},"267":{"start":{"line":825,"column":8},"end":{"line":825,"column":20}},"268":{"start":{"line":827,"column":8},"end":{"line":830,"column":9}},"269":{"start":{"line":829,"column":12},"end":{"line":829,"column":18}},"270":{"start":{"line":832,"column":8},"end":{"line":832,"column":57}},"271":{"start":{"line":834,"column":8},"end":{"line":834,"column":26}},"272":{"start":{"line":836,"column":8},"end":{"line":839,"column":9}},"273":{"start":{"line":838,"column":12},"end":{"line":838,"column":18}},"274":{"start":{"line":841,"column":8},"end":{"line":841,"column":33}},"275":{"start":{"line":843,"column":8},"end":{"line":846,"column":9}},"276":{"start":{"line":845,"column":12},"end":{"line":845,"column":33}},"277":{"start":{"line":848,"column":8},"end":{"line":848,"column":37}},"278":{"start":{"line":850,"column":8},"end":{"line":853,"column":9}},"279":{"start":{"line":852,"column":12},"end":{"line":852,"column":35}},"280":{"start":{"line":857,"column":0},"end":{"line":875,"column":2}},"281":{"start":{"line":859,"column":4},"end":{"line":859,"column":32}},"282":{"start":{"line":861,"column":4},"end":{"line":864,"column":5}},"283":{"start":{"line":863,"column":8},"end":{"line":863,"column":15}},"284":{"start":{"line":866,"column":4},"end":{"line":866,"column":25}},"285":{"start":{"line":868,"column":4},"end":{"line":872,"column":5}},"286":{"start":{"line":870,"column":8},"end":{"line":870,"column":37}},"287":{"start":{"line":871,"column":8},"end":{"line":871,"column":22}},"288":{"start":{"line":874,"column":4},"end":{"line":874,"column":26}},"289":{"start":{"line":894,"column":0},"end":{"line":937,"column":2}},"290":{"start":{"line":896,"column":4},"end":{"line":896,"column":31}},"291":{"start":{"line":898,"column":4},"end":{"line":898,"column":28}},"292":{"start":{"line":900,"column":4},"end":{"line":913,"column":5}},"293":{"start":{"line":902,"column":8},"end":{"line":902,"column":57}},"294":{"start":{"line":904,"column":8},"end":{"line":910,"column":9}},"295":{"start":{"line":906,"column":12},"end":{"line":909,"column":15}},"296":{"start":{"line":908,"column":16},"end":{"line":908,"column":63}},"297":{"start":{"line":912,"column":8},"end":{"line":912,"column":22}},"298":{"start":{"line":915,"column":4},"end":{"line":918,"column":5}},"299":{"start":{"line":917,"column":8},"end":{"line":917,"column":37}},"300":{"start":{"line":920,"column":4},"end":{"line":920,"column":22}},"301":{"start":{"line":922,"column":4},"end":{"line":934,"column":32}},"302":{"start":{"line":924,"column":8},"end":{"line":924,"column":47}},"303":{"start":{"line":926,"column":8},"end":{"line":930,"column":9}},"304":{"start":{"line":928,"column":12},"end":{"line":928,"column":30}},"305":{"start":{"line":929,"column":12},"end":{"line":929,"column":50}},"306":{"start":{"line":932,"column":8},"end":{"line":932,"column":20}},"307":{"start":{"line":936,"column":4},"end":{"line":936,"column":28}},"308":{"start":{"line":939,"column":0},"end":{"line":939,"column":22}}},"branchMap":{"1":{"line":260,"type":"binary-expr","locations":[{"start":{"line":260,"column":14},"end":{"line":260,"column":21}},{"start":{"line":260,"column":25},"end":{"line":260,"column":27}}]},"2":{"line":264,"type":"binary-expr","locations":[{"start":{"line":264,"column":27},"end":{"line":264,"column":49}},{"start":{"line":264,"column":53},"end":{"line":264,"column":54}}]},"3":{"line":298,"type":"if","locations":[{"start":{"line":298,"column":4},"end":{"line":298,"column":4}},{"start":{"line":298,"column":4},"end":{"line":298,"column":4}}]},"4":{"line":298,"type":"binary-expr","locations":[{"start":{"line":298,"column":8},"end":{"line":298,"column":22}},{"start":{"line":298,"column":26},"end":{"line":298,"column":37}},{"start":{"line":298,"column":41},"end":{"line":298,"column":55}}]},"5":{"line":311,"type":"binary-expr","locations":[{"start":{"line":311,"column":36},"end":{"line":311,"column":50}},{"start":{"line":311,"column":54},"end":{"line":311,"column":67}}]},"6":{"line":320,"type":"if","locations":[{"start":{"line":320,"column":4},"end":{"line":320,"column":4}},{"start":{"line":320,"column":4},"end":{"line":320,"column":4}}]},"7":{"line":330,"type":"if","locations":[{"start":{"line":330,"column":4},"end":{"line":330,"column":4}},{"start":{"line":330,"column":4},"end":{"line":330,"column":4}}]},"8":{"line":366,"type":"binary-expr","locations":[{"start":{"line":366,"column":14},"end":{"line":366,"column":21}},{"start":{"line":366,"column":25},"end":{"line":366,"column":27}}]},"9":{"line":371,"type":"cond-expr","locations":[{"start":{"line":371,"column":48},"end":{"line":371,"column":66}},{"start":{"line":371,"column":69},"end":{"line":371,"column":70}}]},"10":{"line":386,"type":"if","locations":[{"start":{"line":386,"column":4},"end":{"line":386,"column":4}},{"start":{"line":386,"column":4},"end":{"line":386,"column":4}}]},"11":{"line":435,"type":"if","locations":[{"start":{"line":435,"column":12},"end":{"line":435,"column":12}},{"start":{"line":435,"column":12},"end":{"line":435,"column":12}}]},"12":{"line":462,"type":"if","locations":[{"start":{"line":462,"column":12},"end":{"line":462,"column":12}},{"start":{"line":462,"column":12},"end":{"line":462,"column":12}}]},"13":{"line":467,"type":"if","locations":[{"start":{"line":467,"column":12},"end":{"line":467,"column":12}},{"start":{"line":467,"column":12},"end":{"line":467,"column":12}}]},"14":{"line":469,"type":"if","locations":[{"start":{"line":469,"column":16},"end":{"line":469,"column":16}},{"start":{"line":469,"column":16},"end":{"line":469,"column":16}}]},"15":{"line":474,"type":"if","locations":[{"start":{"line":474,"column":16},"end":{"line":474,"column":16}},{"start":{"line":474,"column":16},"end":{"line":474,"column":16}}]},"16":{"line":476,"type":"if","locations":[{"start":{"line":476,"column":20},"end":{"line":476,"column":20}},{"start":{"line":476,"column":20},"end":{"line":476,"column":20}}]},"17":{"line":476,"type":"binary-expr","locations":[{"start":{"line":476,"column":24},"end":{"line":476,"column":51}},{"start":{"line":477,"column":25},"end":{"line":478,"column":60}}]},"18":{"line":493,"type":"if","locations":[{"start":{"line":493,"column":16},"end":{"line":493,"column":16}},{"start":{"line":493,"column":16},"end":{"line":493,"column":16}}]},"19":{"line":508,"type":"if","locations":[{"start":{"line":508,"column":4},"end":{"line":508,"column":4}},{"start":{"line":508,"column":4},"end":{"line":508,"column":4}}]},"20":{"line":519,"type":"if","locations":[{"start":{"line":519,"column":4},"end":{"line":519,"column":4}},{"start":{"line":519,"column":4},"end":{"line":519,"column":4}}]},"21":{"line":543,"type":"cond-expr","locations":[{"start":{"line":543,"column":34},"end":{"line":543,"column":59}},{"start":{"line":543,"column":62},"end":{"line":543,"column":63}}]},"22":{"line":545,"type":"cond-expr","locations":[{"start":{"line":546,"column":16},"end":{"line":546,"column":54}},{"start":{"line":546,"column":57},"end":{"line":546,"column":61}}]},"23":{"line":550,"type":"if","locations":[{"start":{"line":550,"column":8},"end":{"line":550,"column":8}},{"start":{"line":550,"column":8},"end":{"line":550,"column":8}}]},"24":{"line":558,"type":"if","locations":[{"start":{"line":558,"column":4},"end":{"line":558,"column":4}},{"start":{"line":558,"column":4},"end":{"line":558,"column":4}}]},"25":{"line":558,"type":"binary-expr","locations":[{"start":{"line":558,"column":9},"end":{"line":558,"column":38}},{"start":{"line":558,"column":43},"end":{"line":558,"column":50}}]},"26":{"line":564,"type":"if","locations":[{"start":{"line":564,"column":4},"end":{"line":564,"column":4}},{"start":{"line":564,"column":4},"end":{"line":564,"column":4}}]},"27":{"line":564,"type":"binary-expr","locations":[{"start":{"line":564,"column":8},"end":{"line":564,"column":14}},{"start":{"line":564,"column":18},"end":{"line":564,"column":44}}]},"28":{"line":566,"type":"switch","locations":[{"start":{"line":568,"column":12},"end":{"line":572,"column":22}},{"start":{"line":574,"column":12},"end":{"line":574,"column":29}},{"start":{"line":575,"column":12},"end":{"line":578,"column":22}},{"start":{"line":580,"column":12},"end":{"line":583,"column":22}},{"start":{"line":585,"column":12},"end":{"line":587,"column":22}}]},"29":{"line":576,"type":"if","locations":[{"start":{"line":576,"column":16},"end":{"line":576,"column":16}},{"start":{"line":576,"column":16},"end":{"line":576,"column":16}}]},"30":{"line":593,"type":"switch","locations":[{"start":{"line":595,"column":8},"end":{"line":597,"column":18}},{"start":{"line":599,"column":8},"end":{"line":602,"column":18}},{"start":{"line":604,"column":8},"end":{"line":635,"column":18}},{"start":{"line":637,"column":8},"end":{"line":639,"column":18}},{"start":{"line":641,"column":8},"end":{"line":643,"column":18}}]},"31":{"line":600,"type":"if","locations":[{"start":{"line":600,"column":12},"end":{"line":600,"column":12}},{"start":{"line":600,"column":12},"end":{"line":600,"column":12}}]},"32":{"line":605,"type":"if","locations":[{"start":{"line":605,"column":12},"end":{"line":605,"column":12}},{"start":{"line":605,"column":12},"end":{"line":605,"column":12}}]},"33":{"line":606,"type":"if","locations":[{"start":{"line":606,"column":12},"end":{"line":606,"column":12}},{"start":{"line":606,"column":12},"end":{"line":606,"column":12}}]},"34":{"line":609,"type":"cond-expr","locations":[{"start":{"line":610,"column":24},"end":{"line":610,"column":62}},{"start":{"line":610,"column":65},"end":{"line":610,"column":69}}]},"35":{"line":613,"type":"cond-expr","locations":[{"start":{"line":614,"column":20},"end":{"line":614,"column":60}},{"start":{"line":615,"column":20},"end":{"line":615,"column":32}}]},"36":{"line":616,"type":"cond-expr","locations":[{"start":{"line":616,"column":43},"end":{"line":616,"column":47}},{"start":{"line":616,"column":50},"end":{"line":616,"column":65}}]},"37":{"line":619,"type":"if","locations":[{"start":{"line":619,"column":12},"end":{"line":619,"column":12}},{"start":{"line":619,"column":12},"end":{"line":619,"column":12}}]},"38":{"line":627,"type":"if","locations":[{"start":{"line":627,"column":12},"end":{"line":627,"column":12}},{"start":{"line":627,"column":12},"end":{"line":627,"column":12}}]},"39":{"line":655,"type":"if","locations":[{"start":{"line":655,"column":4},"end":{"line":655,"column":4}},{"start":{"line":655,"column":4},"end":{"line":655,"column":4}}]},"40":{"line":667,"type":"if","locations":[{"start":{"line":667,"column":4},"end":{"line":667,"column":4}},{"start":{"line":667,"column":4},"end":{"line":667,"column":4}}]},"41":{"line":668,"type":"if","locations":[{"start":{"line":668,"column":4},"end":{"line":668,"column":4}},{"start":{"line":668,"column":4},"end":{"line":668,"column":4}}]},"42":{"line":672,"type":"if","locations":[{"start":{"line":672,"column":4},"end":{"line":672,"column":4}},{"start":{"line":672,"column":4},"end":{"line":672,"column":4}}]},"43":{"line":679,"type":"cond-expr","locations":[{"start":{"line":679,"column":36},"end":{"line":679,"column":50}},{"start":{"line":679,"column":53},"end":{"line":679,"column":71}}]},"44":{"line":683,"type":"if","locations":[{"start":{"line":683,"column":4},"end":{"line":683,"column":4}},{"start":{"line":683,"column":4},"end":{"line":683,"column":4}}]},"45":{"line":691,"type":"if","locations":[{"start":{"line":691,"column":4},"end":{"line":691,"column":4}},{"start":{"line":691,"column":4},"end":{"line":691,"column":4}}]},"46":{"line":711,"type":"if","locations":[{"start":{"line":711,"column":4},"end":{"line":711,"column":4}},{"start":{"line":711,"column":4},"end":{"line":711,"column":4}}]},"47":{"line":711,"type":"binary-expr","locations":[{"start":{"line":711,"column":8},"end":{"line":711,"column":22}},{"start":{"line":712,"column":9},"end":{"line":712,"column":41}},{"start":{"line":713,"column":9},"end":{"line":713,"column":40}}]},"48":{"line":721,"type":"if","locations":[{"start":{"line":721,"column":4},"end":{"line":721,"column":4}},{"start":{"line":721,"column":4},"end":{"line":721,"column":4}}]},"49":{"line":721,"type":"binary-expr","locations":[{"start":{"line":721,"column":8},"end":{"line":721,"column":27}},{"start":{"line":722,"column":9},"end":{"line":722,"column":42}},{"start":{"line":724,"column":9},"end":{"line":724,"column":55}}]},"50":{"line":731,"type":"if","locations":[{"start":{"line":731,"column":4},"end":{"line":731,"column":4}},{"start":{"line":731,"column":4},"end":{"line":731,"column":4}}]},"51":{"line":735,"type":"if","locations":[{"start":{"line":735,"column":9},"end":{"line":735,"column":9}},{"start":{"line":735,"column":9},"end":{"line":735,"column":9}}]},"52":{"line":762,"type":"if","locations":[{"start":{"line":762,"column":4},"end":{"line":762,"column":4}},{"start":{"line":762,"column":4},"end":{"line":762,"column":4}}]},"53":{"line":771,"type":"if","locations":[{"start":{"line":771,"column":8},"end":{"line":771,"column":8}},{"start":{"line":771,"column":8},"end":{"line":771,"column":8}}]},"54":{"line":771,"type":"binary-expr","locations":[{"start":{"line":771,"column":13},"end":{"line":771,"column":34}},{"start":{"line":772,"column":13},"end":{"line":772,"column":37}},{"start":{"line":773,"column":12},"end":{"line":773,"column":35}}]},"55":{"line":809,"type":"if","locations":[{"start":{"line":809,"column":8},"end":{"line":809,"column":8}},{"start":{"line":809,"column":8},"end":{"line":809,"column":8}}]},"56":{"line":827,"type":"if","locations":[{"start":{"line":827,"column":8},"end":{"line":827,"column":8}},{"start":{"line":827,"column":8},"end":{"line":827,"column":8}}]},"57":{"line":836,"type":"if","locations":[{"start":{"line":836,"column":8},"end":{"line":836,"column":8}},{"start":{"line":836,"column":8},"end":{"line":836,"column":8}}]},"58":{"line":843,"type":"if","locations":[{"start":{"line":843,"column":8},"end":{"line":843,"column":8}},{"start":{"line":843,"column":8},"end":{"line":843,"column":8}}]},"59":{"line":850,"type":"if","locations":[{"start":{"line":850,"column":8},"end":{"line":850,"column":8}},{"start":{"line":850,"column":8},"end":{"line":850,"column":8}}]},"60":{"line":861,"type":"if","locations":[{"start":{"line":861,"column":4},"end":{"line":861,"column":4}},{"start":{"line":861,"column":4},"end":{"line":861,"column":4}}]},"61":{"line":898,"type":"binary-expr","locations":[{"start":{"line":898,"column":14},"end":{"line":898,"column":21}},{"start":{"line":898,"column":25},"end":{"line":898,"column":27}}]},"62":{"line":904,"type":"if","locations":[{"start":{"line":904,"column":8},"end":{"line":904,"column":8}},{"start":{"line":904,"column":8},"end":{"line":904,"column":8}}]},"63":{"line":915,"type":"if","locations":[{"start":{"line":915,"column":4},"end":{"line":915,"column":4}},{"start":{"line":915,"column":4},"end":{"line":915,"column":4}}]},"64":{"line":926,"type":"if","locations":[{"start":{"line":926,"column":8},"end":{"line":926,"column":8}},{"start":{"line":926,"column":8},"end":{"line":926,"column":8}}]}}}}