TN:
SF:/home/david/bpmux/index.js
FN:256,BPDuplex
FN:279,(anonymous_2)
FN:286,(anonymous_3)
FN:297,(anonymous_4)
FN:305,(anonymous_5)
FN:310,(anonymous_6)
FN:315,(anonymous_7)
FN:317,(anonymous_8)
FN:329,(anonymous_9)
FN:367,BPMux
FN:395,(anonymous_11)
FN:416,(anonymous_12)
FN:426,(anonymous_13)
FN:431,(anonymous_14)
FN:443,error
FN:460,(anonymous_16)
FN:465,(anonymous_17)
FN:532,(anonymous_18)
FN:543,(anonymous_19)
FN:557,delay_handshake
FN:560,(anonymous_21)
FN:566,handle_status
FN:681,(anonymous_23)
FN:687,(anonymous_24)
FN:699,(anonymous_25)
FN:734,(anonymous_26)
FN:792,(anonymous_27)
FN:801,push_output
FN:817,sort_output
FN:822,write_output
FN:895,(anonymous_31)
FN:932,(anonymous_32)
FN:943,done
FN:949,(anonymous_34)
FN:957,(anonymous_35)
FNF:35
FNH:35
FNDA:8581,BPDuplex
FNDA:3106,(anonymous_2)
FNDA:2217,(anonymous_3)
FNDA:6433,(anonymous_4)
FNDA:20,(anonymous_5)
FNDA:7623,(anonymous_6)
FNDA:456723,(anonymous_7)
FNDA:751737,(anonymous_8)
FNDA:294802,(anonymous_9)
FNDA:1072,BPMux
FNDA:674057,(anonymous_11)
FNDA:1043,(anonymous_12)
FNDA:1043,(anonymous_13)
FNDA:1043,(anonymous_14)
FNDA:64,error
FNDA:222,(anonymous_16)
FNDA:1361397,(anonymous_17)
FNDA:1358828,(anonymous_18)
FNDA:905657,(anonymous_19)
FNDA:1023,delay_handshake
FNDA:1022,(anonymous_21)
FNDA:450785,handle_status
FNDA:2214,(anonymous_23)
FNDA:3106,(anonymous_24)
FNDA:8582,(anonymous_25)
FNDA:751097,(anonymous_26)
FNDA:756219,(anonymous_27)
FNDA:23362505,push_output
FNDA:224,sort_output
FNDA:450612,write_output
FNDA:756219,(anonymous_31)
FNDA:7384,(anonymous_32)
FNDA:7380,done
FNDA:5362,(anonymous_34)
FNDA:1105,(anonymous_35)
DA:244,1
DA:256,1
DA:258,8581
DA:260,8581
DA:262,8581
DA:263,8581
DA:264,8581
DA:265,8581
DA:266,8581
DA:267,8581
DA:268,8581
DA:269,8581
DA:270,8581
DA:271,8581
DA:272,8581
DA:273,8581
DA:274,8581
DA:275,8581
DA:276,8581
DA:277,8581
DA:279,8581
DA:281,3106
DA:282,3106
DA:283,3106
DA:286,8581
DA:288,2217
DA:289,2217
DA:292,8581
DA:295,1
DA:297,1
DA:299,6433
DA:301,2214
DA:305,1
DA:307,20
DA:310,1
DA:312,7623
DA:315,456723
DA:317,1
DA:319,751737
DA:321,751737
DA:323,751097
DA:326,751737
DA:329,1
DA:331,294802
DA:333,285
DA:336,294517
DA:337,294517
DA:338,294517
DA:367,1
DA:369,1072
DA:371,1072
DA:373,1072
DA:374,1072
DA:375,1072
DA:376,1072
DA:377,1072
DA:378,1072
DA:379,1072
DA:380,1072
DA:381,1072
DA:382,1072
DA:383,1072
DA:384,1072
DA:385,1072
DA:386,1072
DA:387,1072
DA:388,1072
DA:389,1072
DA:391,1072
DA:393,1072
DA:395,520
DA:397,674057
DA:398,674057
DA:400,1348114
DA:405,1072
DA:407,1072
DA:412,1072
DA:414,1072
DA:416,1072
DA:418,1043
DA:420,1043
DA:422,2000
DA:426,1072
DA:428,1043
DA:431,1072
DA:433,1043
DA:435,1043
DA:437,1996
DA:440,1043
DA:443,1
DA:445,64
DA:447,64
DA:449,48
DA:453,64
DA:456,1072
DA:457,1072
DA:458,1072
DA:460,1072
DA:462,222
DA:465,1072
DA:467,1361397
DA:469,1361397
DA:471,2721751
DA:472,2721751
DA:474,2721751
DA:476,1361397
DA:479,1360354
DA:481,454555
DA:483,450604
DA:486,454555
DA:488,454547
DA:492,16
DA:496,454531
DA:502,905799
DA:505,905739
DA:506,905739
DA:509,905799
DA:511,905661
DA:514,905657
DA:519,4
DA:522,905661
DA:523,905661
DA:530,1
DA:532,1
DA:534,1358828
DA:536,272
DA:537,272
DA:540,1358556
DA:543,1
DA:545,905657
DA:547,905641
DA:557,1
DA:559,1023
DA:560,1023
DA:562,1022
DA:566,1
DA:568,450785
DA:569,450785
DA:571,450785
DA:574,450785
DA:576,450785
DA:578,8
DA:581,450785
DA:583,450785
DA:586,905641
DA:588,1205
DA:590,4
DA:593,1201
DA:594,1201
DA:597,905637
DA:599,901691
DA:602,1043
DA:603,1043
DA:604,1043
DA:605,1043
DA:609,450028
DA:610,449900
DA:611,449900
DA:614,450604
DA:615,450604
DA:616,450604
DA:619,16
DA:620,16
DA:623,901563
DA:626,3946
DA:629,71
DA:630,71
DA:633,949
DA:634,885
DA:635,885
DA:638,2194
DA:639,2130
DA:641,1369
DA:642,1369
DA:644,1369
DA:646,2130
DA:647,2130
DA:650,2130
DA:651,2130
DA:652,2130
DA:653,2130
DA:655,959
DA:659,1171
DA:661,2130
DA:663,67
DA:664,67
DA:665,67
DA:666,67
DA:668,2130
DA:669,2130
DA:673,716
DA:676,16
DA:677,16
DA:681,1
DA:683,2214
DA:684,2214
DA:687,1
DA:689,3106
DA:691,1114
DA:693,1114
DA:694,1114
DA:696,1114
DA:699,1
DA:701,8582
DA:702,8565
DA:704,7372
DA:706,7372
DA:708,6489
DA:711,7372
DA:713,7372
DA:714,7372
DA:715,7372
DA:717,7372
DA:719,6489
DA:720,6489
DA:723,7372
DA:725,7372
DA:727,6489
DA:728,6489
DA:731,7372
DA:734,1
DA:745,751097
DA:749,11781
DA:752,739316
DA:755,739316
DA:760,288690
DA:763,450626
DA:765,450626
DA:767,10
DA:769,450616
DA:771,1543
DA:775,449073
DA:778,450626
DA:779,450626
DA:780,450626
DA:781,450626
DA:782,450626
DA:784,450626
DA:789,450626
DA:792,1
DA:794,756219
DA:796,756219
DA:798,236
DA:801,1
DA:803,23362505
DA:807,22911893
DA:810,450612
DA:817,1
DA:819,224
DA:822,1
DA:824,450612
DA:829,450612
DA:831,450612
DA:832,450612
DA:833,450612
DA:835,450612
DA:837,450612
DA:838,450612
DA:840,450612
DA:842,450611
DA:845,450612
DA:847,450612
DA:849,294517
DA:850,294517
DA:851,294517
DA:852,294517
DA:853,294517
DA:856,450612
DA:857,450612
DA:860,755983
DA:862,1206435
DA:863,1206435
DA:865,1206435
DA:867,284
DA:870,1206151
DA:872,1206151
DA:874,1206151
DA:876,755699
DA:879,450452
DA:881,450452
DA:883,223873
DA:886,450452
DA:888,450452
DA:890,223873
DA:895,1
DA:897,756219
DA:899,756219
DA:901,1
DA:904,756218
DA:906,756218
DA:908,756219
DA:909,756219
DA:912,756218
DA:932,1
DA:934,7384
DA:936,2
DA:939,7382
DA:941,7382
DA:943,1
DA:945,7380
DA:947,7380
DA:949,5362
DA:951,5362
DA:955,7380
DA:957,1105
DA:959,1105
DA:963,7380
DA:966,7382
DA:968,16
DA:971,7366
DA:973,7366
DA:975,7375
DA:977,7375
DA:979,7364
DA:980,7364
DA:983,11
DA:987,2
DA:990,1
LF:318
LH:318
BRDA:260,1,0,8581
BRDA:260,1,1,185
BRDA:264,2,0,8581
BRDA:264,2,1,8565
BRDA:299,3,0,2214
BRDA:299,3,1,4219
BRDA:299,4,0,6433
BRDA:299,4,1,5610
BRDA:299,4,2,2913
BRDA:312,5,0,7623
BRDA:312,5,1,5721
BRDA:321,6,0,751097
BRDA:321,6,1,640
BRDA:331,7,0,285
BRDA:331,7,1,294517
BRDA:371,8,0,1072
BRDA:371,8,1,30
BRDA:374,9,0,1072
BRDA:374,9,1,1063
BRDA:375,10,0,1072
BRDA:375,10,1,1064
BRDA:378,11,0,1
BRDA:378,11,1,1071
BRDA:393,12,0,520
BRDA:393,12,1,552
BRDA:447,13,0,48
BRDA:447,13,1,16
BRDA:474,14,0,1361397
BRDA:474,14,1,1360354
BRDA:479,15,0,454555
BRDA:479,15,1,905799
BRDA:481,16,0,450604
BRDA:481,16,1,3951
BRDA:486,17,0,454547
BRDA:486,17,1,8
BRDA:488,18,0,16
BRDA:488,18,1,454531
BRDA:488,19,0,454547
BRDA:488,19,1,454531
BRDA:502,20,0,905739
BRDA:502,20,1,60
BRDA:502,21,0,905799
BRDA:502,21,1,76
BRDA:509,22,0,905661
BRDA:509,22,1,138
BRDA:511,23,0,905657
BRDA:511,23,1,4
BRDA:511,24,0,905661
BRDA:511,24,1,12
BRDA:534,25,0,272
BRDA:534,25,1,1358556
BRDA:545,26,0,16
BRDA:545,26,1,905641
BRDA:569,27,0,449910
BRDA:569,27,1,875
BRDA:571,28,0,72
BRDA:571,28,1,450713
BRDA:576,29,0,8
BRDA:576,29,1,450777
BRDA:586,30,0,1205
BRDA:586,30,1,904436
BRDA:586,31,0,905641
BRDA:586,31,1,904098
BRDA:588,32,0,4
BRDA:588,32,1,1201
BRDA:588,33,0,1205
BRDA:588,33,1,16
BRDA:597,34,0,901691
BRDA:597,34,1,3946
BRDA:597,35,0,905637
BRDA:597,35,1,905081
BRDA:599,36,0,1043
BRDA:599,36,1,449201
BRDA:599,36,2,450028
BRDA:599,36,3,450604
BRDA:599,36,4,16
BRDA:609,37,0,128
BRDA:609,37,1,449900
BRDA:626,38,0,71
BRDA:626,38,1,949
BRDA:626,38,2,2194
BRDA:626,38,3,716
BRDA:626,38,4,16
BRDA:633,39,0,64
BRDA:633,39,1,885
BRDA:638,40,0,64
BRDA:638,40,1,2130
BRDA:639,41,0,1369
BRDA:639,41,1,761
BRDA:642,42,0,8
BRDA:642,42,1,1361
BRDA:647,43,0,2080
BRDA:647,43,1,50
BRDA:650,44,0,1068
BRDA:650,44,1,1062
BRDA:653,45,0,959
BRDA:653,45,1,1171
BRDA:661,46,0,67
BRDA:661,46,1,2063
BRDA:689,47,0,1992
BRDA:689,47,1,1114
BRDA:701,48,0,17
BRDA:701,48,1,8565
BRDA:702,49,0,1193
BRDA:702,49,1,7372
BRDA:706,50,0,6489
BRDA:706,50,1,883
BRDA:713,51,0,6489
BRDA:713,51,1,883
BRDA:717,52,0,6489
BRDA:717,52,1,883
BRDA:725,53,0,6489
BRDA:725,53,1,883
BRDA:745,54,0,11781
BRDA:745,54,1,739316
BRDA:745,55,0,751097
BRDA:745,55,1,748073
BRDA:745,55,2,745416
BRDA:755,56,0,288690
BRDA:755,56,1,450626
BRDA:755,57,0,739316
BRDA:755,57,1,737521
BRDA:755,57,2,453673
BRDA:765,58,0,10
BRDA:765,58,1,450616
BRDA:769,59,0,1543
BRDA:769,59,1,449073
BRDA:796,60,0,236
BRDA:796,60,1,755983
BRDA:803,61,0,22911893
BRDA:803,61,1,450612
BRDA:803,62,0,23362505
BRDA:803,62,1,2129538
BRDA:803,62,2,457865
BRDA:840,63,0,450611
BRDA:840,63,1,1
BRDA:847,64,0,294517
BRDA:847,64,1,156095
BRDA:865,65,0,284
BRDA:865,65,1,1206151
BRDA:874,66,0,755699
BRDA:874,66,1,450452
BRDA:881,67,0,223873
BRDA:881,67,1,226579
BRDA:888,68,0,223873
BRDA:888,68,1,226579
BRDA:899,69,0,1
BRDA:899,69,1,756218
BRDA:934,70,0,2
BRDA:934,70,1,7382
BRDA:934,71,0,7384
BRDA:934,71,1,5
BRDA:941,72,0,7382
BRDA:941,72,1,4396
BRDA:947,73,0,5362
BRDA:947,73,1,2018
BRDA:955,74,0,1105
BRDA:955,74,1,6275
BRDA:966,75,0,16
BRDA:966,75,1,7366
BRDA:977,76,0,7364
BRDA:977,76,1,11
BRF:162
BRH:162
end_of_record
