TN:
SF:index.js
FN:362,BPDuplex
FN:390,(anonymous_1)
FN:397,(anonymous_2)
FN:407,(anonymous_3)
FN:416,(anonymous_4)
FN:424,(anonymous_5)
FN:429,(anonymous_6)
FN:434,(anonymous_7)
FN:436,(anonymous_8)
FN:448,(anonymous_9)
FN:460,(anonymous_10)
FN:493,BPMux
FN:528,(anonymous_12)
FN:548,finish
FN:566,end
FN:588,error
FN:605,(anonymous_16)
FN:617,(anonymous_17)
FN:676,(anonymous_18)
FN:683,(anonymous_19)
FN:688,(anonymous_20)
FN:697,(anonymous_21)
FN:708,(anonymous_22)
FN:727,delay_handshake
FN:730,(anonymous_24)
FN:736,handle_status
FN:870,(anonymous_26)
FN:880,(anonymous_27)
FN:888,(anonymous_28)
FN:900,(anonymous_29)
FN:933,(anonymous_30)
FN:991,(anonymous_31)
FN:1000,push_output
FN:1016,sort_output
FN:1021,write_output
FN:1094,(anonymous_35)
FN:1130,(anonymous_36)
FN:1152,done
FN:1158,(anonymous_38)
FNF:39
FNH:39
FNDA:13952,BPDuplex
FNDA:5219,(anonymous_1)
FNDA:3602,(anonymous_2)
FNDA:7,(anonymous_3)
FNDA:10720,(anonymous_4)
FNDA:28,(anonymous_5)
FNDA:18404,(anonymous_6)
FNDA:542430,(anonymous_7)
FNDA:982790,(anonymous_8)
FNDA:442350,(anonymous_9)
FNDA:12,(anonymous_10)
FNDA:1800,BPMux
FNDA:911566,(anonymous_12)
FNDA:3239,finish
FNDA:3533,end
FNDA:162,error
FNDA:290,(anonymous_16)
FNDA:1844682,(anonymous_17)
FNDA:1740,(anonymous_18)
FNDA:280,(anonymous_19)
FNDA:784,(anonymous_20)
FNDA:1759745,(anonymous_21)
FNDA:1201734,(anonymous_22)
FNDA:1666,delay_handshake
FNDA:1665,(anonymous_24)
FNDA:546230,handle_status
FNDA:3606,(anonymous_26)
FNDA:784,(anonymous_27)
FNDA:5219,(anonymous_28)
FNDA:19974,(anonymous_29)
FNDA:981830,(anonymous_30)
FNDA:1020627,(anonymous_31)
FNDA:70619081,push_output
FNDA:357,sort_output
FNDA:639207,write_output
FNDA:1020627,(anonymous_35)
FNDA:7669,(anonymous_36)
FNDA:7663,done
FNDA:6014,(anonymous_38)
DA:346,1
DA:347,1
DA:348,1
DA:349,1
DA:350,1
DA:351,1
DA:352,1
DA:353,1
DA:354,1
DA:355,1
DA:356,1
DA:357,1
DA:358,1
DA:359,1
DA:360,1
DA:364,13952
DA:366,13952
DA:371,13952
DA:372,13952
DA:373,13952
DA:374,13952
DA:375,13952
DA:376,13952
DA:377,13952
DA:378,13952
DA:379,13952
DA:380,13952
DA:381,13952
DA:382,13952
DA:383,13952
DA:384,13952
DA:385,13952
DA:386,13952
DA:387,13952
DA:388,13952
DA:390,13952
DA:392,5219
DA:393,5219
DA:394,5219
DA:397,13952
DA:399,3602
DA:400,3602
DA:403,13952
DA:405,13952
DA:407,7
DA:409,7
DA:414,1
DA:416,1
DA:418,10720
DA:420,3600
DA:424,1
DA:426,28
DA:429,1
DA:431,18404
DA:434,542430
DA:436,1
DA:438,982790
DA:440,982790
DA:442,981830
DA:445,982790
DA:448,1
DA:450,442350
DA:452,391
DA:455,441959
DA:456,441959
DA:457,441959
DA:460,1
DA:462,12
DA:463,12
DA:495,1800
DA:497,1800
DA:504,1800
DA:505,1800
DA:506,1800
DA:507,1800
DA:508,1800
DA:509,1800
DA:510,1800
DA:511,1800
DA:512,1800
DA:513,1800
DA:514,1800
DA:515,1800
DA:516,1800
DA:517,1800
DA:518,1800
DA:519,1800
DA:520,1800
DA:521,1800
DA:522,1800
DA:524,1800
DA:526,1800
DA:528,882
DA:531,911566
DA:533,1823132
DA:538,1800
DA:540,1800
DA:544,1800
DA:546,1800
DA:550,3239
DA:551,1769
DA:553,1769
DA:555,1769
DA:557,3367
DA:559,3331
DA:563,1769
DA:568,3533
DA:569,1769
DA:571,1769
DA:573,3372
DA:575,3342
DA:579,1769
DA:582,1800
DA:583,1800
DA:585,1800
DA:586,1800
DA:590,162
DA:592,222
DA:594,198
DA:598,162
DA:601,1800
DA:602,1800
DA:603,1800
DA:605,1800
DA:607,290
DA:609,290
DA:611,216
DA:615,1800
DA:619,1844682
DA:621,1844682
DA:623,642496
DA:625,639195
DA:628,642496
DA:630,642484
DA:634,24
DA:638,642460
DA:644,1202186
DA:647,1201918
DA:648,1201918
DA:651,1202186
DA:653,1201740
DA:656,1201734
DA:661,6
DA:664,1201740
DA:665,1201740
DA:669,1844682
DA:673,1800
DA:675,1740
DA:676,1740
DA:679,1740
DA:680,1740
DA:683,1740
DA:685,280
DA:688,1740
DA:690,784
DA:695,1
DA:697,1
DA:699,1759745
DA:701,408
DA:702,408
DA:705,1759337
DA:708,1
DA:710,1201734
DA:712,784
DA:715,1200950
DA:717,1200926
DA:718,1200926
DA:719,1200926
DA:720,1200926
DA:722,1200926
DA:729,1666
DA:730,1666
DA:732,1665
DA:738,546230
DA:739,546230
DA:741,546230
DA:744,546230
DA:746,546230
DA:748,4
DA:751,546230
DA:753,546230
DA:756,1200926
DA:758,6295
DA:760,6
DA:763,6289
DA:764,6289
DA:767,1200920
DA:769,1185981
DA:772,1788
DA:773,1788
DA:774,1788
DA:775,1788
DA:778,6
DA:779,6
DA:780,6
DA:781,6
DA:782,6
DA:786,544968
DA:787,544776
DA:788,544776
DA:791,639195
DA:792,639195
DA:793,639195
DA:796,24
DA:797,24
DA:800,1185789
DA:803,14939
DA:806,100
DA:807,100
DA:810,6
DA:811,6
DA:814,1550
DA:815,1454
DA:816,1454
DA:819,12277
DA:820,12181
DA:822,10939
DA:823,10939
DA:825,10939
DA:827,12181
DA:828,12181
DA:831,12181
DA:832,12181
DA:833,12181
DA:834,12181
DA:836,1570
DA:840,10611
DA:842,12181
DA:844,6
DA:845,6
DA:846,6
DA:847,6
DA:848,6
DA:850,12175
DA:852,99
DA:853,99
DA:854,99
DA:855,99
DA:857,12181
DA:858,12181
DA:862,982
DA:865,24
DA:866,24
DA:870,1
DA:872,3606
DA:874,3606
DA:876,3600
DA:880,1
DA:882,784
DA:883,784
DA:885,784
DA:888,1
DA:890,5219
DA:892,1900
DA:894,1900
DA:895,1900
DA:897,1900
DA:900,1
DA:902,19974
DA:903,19961
DA:905,13661
DA:907,13661
DA:909,12205
DA:912,13661
DA:914,13661
DA:915,13661
DA:916,13661
DA:918,13661
DA:920,12205
DA:921,12205
DA:924,13661
DA:925,13661
DA:927,13661
DA:928,13661
DA:930,13661
DA:933,1
DA:944,981830
DA:948,7225
DA:951,974605
DA:954,974605
DA:959,428711
DA:964,545894
DA:966,10
DA:968,545884
DA:970,1005
DA:974,544879
DA:977,545894
DA:978,545894
DA:979,545894
DA:980,545894
DA:981,545894
DA:983,545894
DA:988,545894
DA:991,1
DA:993,1020627
DA:995,1020627
DA:997,141
DA:1002,70619081
DA:1006,69979874
DA:1009,639207
DA:1018,357
DA:1023,639207
DA:1024,639207
DA:1025,639207
DA:1028,639207
DA:1030,639207
DA:1031,639207
DA:1032,639207
DA:1034,639207
DA:1036,639207
DA:1037,639207
DA:1039,639207
DA:1041,639201
DA:1044,639207
DA:1046,639207
DA:1048,441959
DA:1049,441959
DA:1050,441959
DA:1051,441959
DA:1052,441959
DA:1055,639207
DA:1056,639207
DA:1059,1020486
DA:1061,1659336
DA:1062,1659336
DA:1064,1659336
DA:1066,2924
DA:1069,1656412
DA:1071,1656412
DA:1073,1656412
DA:1075,1017562
DA:1078,638850
DA:1080,638850
DA:1082,317163
DA:1085,638850
DA:1087,638850
DA:1089,317163
DA:1094,1
DA:1096,1020627
DA:1098,1020627
DA:1100,6
DA:1103,1020621
DA:1105,1020621
DA:1107,1020627
DA:1108,1020627
DA:1111,1020621
DA:1130,1
DA:1132,7669
DA:1134,2
DA:1135,2
DA:1138,7667
DA:1140,1
DA:1143,7666
DA:1145,1
DA:1148,7665
DA:1150,7665
DA:1154,7663
DA:1156,7663
DA:1158,6014
DA:1160,6014
DA:1164,7663
DA:1167,7665
DA:1169,24
DA:1172,7641
DA:1174,7641
DA:1176,7652
DA:1178,7652
DA:1180,7639
DA:1181,7639
DA:1184,13
DA:1188,2
DA:1189,2
DA:1192,1
LF:373
LH:373
BRDA:405,0,0,7
BRDA:405,0,1,13945
BRDA:405,1,0,13952
BRDA:405,1,1,21
BRDA:418,2,0,3600
BRDA:418,2,1,7120
BRDA:418,3,0,10720
BRDA:418,3,1,8739
BRDA:418,3,2,4918
BRDA:431,4,0,18404
BRDA:431,4,1,15288
BRDA:440,5,0,981830
BRDA:440,5,1,960
BRDA:450,6,0,391
BRDA:450,6,1,441959
BRDA:509,7,0,1
BRDA:509,7,1,1799
BRDA:526,8,0,882
BRDA:526,8,1,918
BRDA:550,9,0,1470
BRDA:550,9,1,1769
BRDA:557,10,0,3331
BRDA:557,10,1,36
BRDA:568,11,0,1764
BRDA:568,11,1,1769
BRDA:573,12,0,3342
BRDA:573,12,1,30
BRDA:592,13,0,198
BRDA:592,13,1,24
BRDA:609,14,0,216
BRDA:609,14,1,74
BRDA:621,15,0,642496
BRDA:621,15,1,1202186
BRDA:623,16,0,639195
BRDA:623,16,1,3301
BRDA:628,17,0,642484
BRDA:628,17,1,12
BRDA:630,18,0,24
BRDA:630,18,1,642460
BRDA:630,19,0,642484
BRDA:630,19,1,642460
BRDA:644,20,0,1201918
BRDA:644,20,1,268
BRDA:644,21,0,1202186
BRDA:644,21,1,306
BRDA:651,22,0,1201740
BRDA:651,22,1,446
BRDA:653,23,0,1201734
BRDA:653,23,1,6
BRDA:653,24,0,1201740
BRDA:653,24,1,18
BRDA:673,25,0,1740
BRDA:673,25,1,60
BRDA:699,26,0,408
BRDA:699,26,1,1759337
BRDA:710,27,0,784
BRDA:710,27,1,1200950
BRDA:710,28,0,1201734
BRDA:710,28,1,1201734
BRDA:715,29,0,24
BRDA:715,29,1,1200926
BRDA:739,30,0,544786
BRDA:739,30,1,1444
BRDA:741,31,0,108
BRDA:741,31,1,546122
BRDA:746,32,0,4
BRDA:746,32,1,546226
BRDA:756,33,0,6295
BRDA:756,33,1,1194631
BRDA:756,34,0,1200926
BRDA:756,34,1,1199921
BRDA:758,35,0,6
BRDA:758,35,1,6289
BRDA:758,36,0,6295
BRDA:758,36,1,24
BRDA:767,37,0,1185981
BRDA:767,37,1,14939
BRDA:767,38,0,1200920
BRDA:767,38,1,1200342
BRDA:769,39,0,1788
BRDA:769,39,1,6
BRDA:769,39,2,544945
BRDA:769,39,3,544968
BRDA:769,39,4,639195
BRDA:769,39,5,24
BRDA:786,40,0,192
BRDA:786,40,1,544776
BRDA:803,41,0,100
BRDA:803,41,1,6
BRDA:803,41,2,1550
BRDA:803,41,3,12277
BRDA:803,41,4,982
BRDA:803,41,5,24
BRDA:814,42,0,96
BRDA:814,42,1,1454
BRDA:819,43,0,96
BRDA:819,43,1,12181
BRDA:820,44,0,10939
BRDA:820,44,1,1242
BRDA:823,45,0,12
BRDA:823,45,1,10927
BRDA:828,46,0,3432
BRDA:828,46,1,8749
BRDA:831,47,0,6096
BRDA:831,47,1,6085
BRDA:834,48,0,1570
BRDA:834,48,1,10611
BRDA:842,49,0,6
BRDA:842,49,1,12175
BRDA:850,50,0,99
BRDA:850,50,1,12076
BRDA:874,51,0,3600
BRDA:874,51,1,6
BRDA:885,52,0,784
BRDA:885,52,1,784
BRDA:890,53,0,3319
BRDA:890,53,1,1900
BRDA:894,54,0,12
BRDA:894,54,1,1888
BRDA:902,55,0,13
BRDA:902,55,1,19961
BRDA:903,56,0,6300
BRDA:903,56,1,13661
BRDA:907,57,0,12205
BRDA:907,57,1,1456
BRDA:914,58,0,12205
BRDA:914,58,1,1456
BRDA:918,59,0,12205
BRDA:918,59,1,1456
BRDA:925,60,0,12205
BRDA:925,60,1,1456
BRDA:944,61,0,7225
BRDA:944,61,1,974605
BRDA:944,62,0,981830
BRDA:944,62,1,980514
BRDA:944,62,2,975361
BRDA:954,63,0,428711
BRDA:954,63,1,545894
BRDA:954,64,0,974605
BRDA:954,64,1,971700
BRDA:954,64,2,782382
BRDA:964,65,0,10
BRDA:964,65,1,545884
BRDA:968,66,0,1005
BRDA:968,66,1,544879
BRDA:995,67,0,141
BRDA:995,67,1,1020486
BRDA:1002,68,0,69979874
BRDA:1002,68,1,639207
BRDA:1002,69,0,70619081
BRDA:1002,69,1,2397971
BRDA:1002,69,2,650273
BRDA:1039,70,0,639201
BRDA:1039,70,1,6
BRDA:1046,71,0,441959
BRDA:1046,71,1,197248
BRDA:1064,72,0,2924
BRDA:1064,72,1,1656412
BRDA:1073,73,0,1017562
BRDA:1073,73,1,638850
BRDA:1080,74,0,317163
BRDA:1080,74,1,321687
BRDA:1087,75,0,317163
BRDA:1087,75,1,321687
BRDA:1098,76,0,6
BRDA:1098,76,1,1020621
BRDA:1132,77,0,2
BRDA:1132,77,1,7667
BRDA:1132,78,0,7669
BRDA:1132,78,1,5
BRDA:1138,79,0,1
BRDA:1138,79,1,7666
BRDA:1143,80,0,1
BRDA:1143,80,1,7665
BRDA:1150,81,0,7665
BRDA:1150,81,1,4434
BRDA:1156,82,0,6014
BRDA:1156,82,1,1649
BRDA:1167,83,0,24
BRDA:1167,83,1,7641
BRDA:1178,84,0,7639
BRDA:1178,84,1,13
BRF:182
BRH:182
end_of_record
